### 20221124 ###
Prob: Joon code <- react (not html page), my code <- html page based. So need to convert to react way.
    => NEED TO SETUP FOR REACT WITH FIREBASE
1. Generated firebase-config.js file
    This will contains firebase config
2. Modify App.tsx with firebase db
    *** seems like we need to hide api key somehow (.env)
    commands below:
        npm install -g yarn
        yarn add firebase
        yarn start
        -> firebase is already added in this case, so need to yarn start from now on    
    ref: https://www.youtube.com/watch?v=jCY6DH8F4oc
3. generate build by using yarn
    comands: yarn build
    check commands: serve -s build 
3. Web hosting
    1) hosting initialization
        command: firebase init hosting 
            Are you ready to proceed? Yes
            Please select an option: Use an existing project
            Select a default Firebase project for this diretory: the-oh--code (The OH  Code)
            What do you want to use as your public directory? src  ***( this should be build)
            Congure as a single-page app(rewrite all urls to /index.html)? No
            File src/404.html already exists. Overwrite? No
            File src/index.html already exists. Overwrite? No
    2) trouble shooting firebase.json 
        "public": "src", -> "public": "build",
    3) start hosting  
        command: firebase deploy --only hosting        
        Debug tip: firebase emulators:start --only hosting
        -> This takes some time to hosting!
    4) use .env file to save apikey
        install command: npm install dotenv --save
        create .env file, including apikey, appid, ...
        change firebase-config.js : part firebaseConfig with proces.env.*
        generate .gitignore of .env file
        -> have trouble --> removed, and gitignore for firebase-config.js

### 20221125 ###
Yesterday,
    Joon created
        src>pages>banpick>scss>banpick.scss,
        src>pages>banpick>ts>banpick.tsx,
    Modified
        src>App.tsx Route (for linking pages)
What I want to do: 
    1. Banpick page header(copy from mainpage), 
    2. Google login, 
    3. Ornn portion
1. Banpick page header:
    imported from Joon's header/menubar
2. Want to try google login:
    1) edited firebase-config.js
        import signin/... modules
        export functions
    2) import auth at src>components>header>ts>header.tsx
        import auth, signInWithGoogle
        Added buttons and the signInfunction
    3) check
        command:
            yarn build
            serve -s build
3. Import Ornn
    1) Copied Orrn picture to public>assets>ornn.jpg
    2) Generated
        components>wallpaper>scss>wallpaper.scss,
        components>wallpaper>ts>wallpaper.ts
        contents are copied from previous theohcode github
    3) Call generated wallpaper in src>pages>banpick>ts>bankpick.tsx
        module import and insert <Wallpaper/>

### 20221126 ###
Today, Want to to
    1. download pictures for pick/ban
    2. make pick/ban formation
1. Download picturef for pick/ban
    Used python script : public>scripts>extractpng.py
    Usage: python extractpng.py
    What to do:
        1) remove all previous champions photo files
        2) get the latest version from ddragon
        3) get all champions photo files in public>assets>champrec or public>assets>champsquare
2. Make pick/ban formation 
    1) Generated banpickc components and copied tsx and scss from previous theohcode
        *** Joon's tip: better to put alt for image
    2) Call pickbanc components in banpick page

### 20221127 ###
Today I want to do 1. bankground color to black, 2. pick champ div divide, 3. insert play/back emoji, 4. enabling .env file
1. background color to black
    Added bankpickc.scss
        .banpickMain {
            background-color: #090909;
            width: 1320px;
            display: flex;
            flex-direction: column;
            margin-left: auto;
            margin-right: auto;	
        }
2. pick champ div divide
    modify banpickc.tsx file : Added additional redpick/bluepick div
3. insert play/back emogi.
    1) download fontawesome
        npm i --save @fortawesome/fontawesome-svg-core
        npm i --save @fortawesome/free-solid-svg-icons
        npm i --save @fortawesome/react-fontawesome
    2) import image that I want to insert
        import { faShareNodes, faPlay, faRotateLeft } from "@fortawesome/free-solid-svg-icons";
    3) call the imported icon
      <div className="play" id="play">
        <FontAwesomeIcon className="i" icon={faPlay}/>
      </div>    
4. enabling .env file   
    1) generate .env file
        REACT_APP_apiKey= apikey
    2) change firebase-config.js file with .env variable names
        apiKey: process.env.REACT_APP_apiKey,
    3) change .gitignore (ignore .env, not firebase-config.js file)